2025-05-08 11:26:59,715 - INFO - Getting counties to process for region: west
2025-05-08 11:26:59,900 - INFO - Found 449 counties in the west region
2025-05-08 11:26:59,910 - INFO - Loaded 1 counties from existing GeoJSON file
2025-05-08 11:26:59,911 - INFO - Found 448 counties to process
2025-05-08 11:26:59,931 - INFO - Processing 3 counties in this batch...
2025-05-08 11:26:59,932 - INFO - Processing county 1/3: 53069
2025-05-08 11:26:59,932 - INFO - Processing county 53069...
2025-05-08 11:27:04,301 - INFO - 2025-05-08 11:27:00,335 - INFO - Initializing Earth Engine...
2025-05-08 11:27:01,803 - INFO - Earth Engine initialized successfully!
2025-05-08 11:27:01,804 - INFO - Getting data for county FIPS: 53069
2025-05-08 11:27:02,002 - INFO - Found county: Wahkiakum, 53
2025-05-08 11:27:02,014 - INFO - Calculating obsolescence score using real satellite data...
2025-05-08 11:27:02,015 - INFO - Simplifying county geometry...
2025-05-08 11:27:02,015 - INFO - Fetching Sentinel-2 imagery...
2025-05-08 11:27:02,462 - INFO - Found 5 Sentinel-2 images
2025-05-08 11:27:02,462 - INFO - Calculating vegetation and built-up indices...
2025-05-08 11:27:02,464 - INFO - Calculating median values...
2025-05-08 11:27:02,464 - INFO - Calculating final obsolescence score...
2025-05-08 11:27:03,133 - INFO - Mean obsolescence values: {'NDBI': None}
2025-05-08 11:27:04,208 - WARNING - NDBI value is None, using default value
2025-05-08 11:27:04,209 - INFO - Successfully calculated real obsolescence score: 0.75
2025-05-08 11:27:04,209 - INFO - Updating county scores in data/final/real_county_scores.geojson...
2025-05-08 11:27:04,217 - INFO - Loaded 1 counties from existing GeoJSON file
2025-05-08 11:27:04,219 - INFO - Converting CRS from None to EPSG:4326
2025-05-08 11:27:04,219 - ERROR - Error loading existing GeoJSON file: Cannot transform naive geometries.  Please set a crs on the object first.
2025-05-08 11:27:04,219 - INFO - Creating new GeoJSON file
2025-05-08 11:27:04,223 - INFO - Created 1 records
2025-05-08 11:27:04,223 - INFO - Saved 1 counties to data/final/real_county_scores.geojson
2025-05-08 11:27:04,223 - INFO - Updated county Wahkiakum, 53 with obsolescence score: 0.75
2025-05-08 11:27:04,223 - INFO - Successfully processed real satellite data for county.

2025-05-08 11:27:04,302 - INFO - Saved progress: 1 processed, 447 to go
2025-05-08 11:27:04,302 - INFO - Processing county 2/3: 35011
2025-05-08 11:27:04,302 - INFO - Processing county 35011...
2025-05-08 11:27:09,045 - INFO - 2025-05-08 11:27:04,797 - INFO - Initializing Earth Engine...
2025-05-08 11:27:06,416 - INFO - Earth Engine initialized successfully!
2025-05-08 11:27:06,417 - INFO - Getting data for county FIPS: 35011
2025-05-08 11:27:06,631 - INFO - Found county: De Baca, 35
2025-05-08 11:27:06,680 - INFO - Calculating obsolescence score using real satellite data...
2025-05-08 11:27:06,690 - INFO - Simplifying county geometry...
2025-05-08 11:27:06,691 - INFO - Fetching Sentinel-2 imagery...
2025-05-08 11:27:07,141 - INFO - Found 5 Sentinel-2 images
2025-05-08 11:27:07,141 - INFO - Calculating vegetation and built-up indices...
2025-05-08 11:27:07,144 - INFO - Calculating median values...
2025-05-08 11:27:07,145 - INFO - Calculating final obsolescence score...
2025-05-08 11:27:08,136 - INFO - Mean obsolescence values: {'NDBI': None}
2025-05-08 11:27:08,956 - WARNING - NDBI value is None, using default value
2025-05-08 11:27:08,956 - INFO - Successfully calculated real obsolescence score: 0.75
2025-05-08 11:27:08,956 - INFO - Updating county scores in data/final/real_county_scores.geojson...
2025-05-08 11:27:08,961 - INFO - Loaded 1 counties from existing GeoJSON file
2025-05-08 11:27:08,961 - INFO - Converting CRS from None to EPSG:4326
2025-05-08 11:27:08,961 - ERROR - Error loading existing GeoJSON file: Cannot transform naive geometries.  Please set a crs on the object first.
2025-05-08 11:27:08,961 - INFO - Creating new GeoJSON file
2025-05-08 11:27:08,965 - INFO - Created 1 records
2025-05-08 11:27:08,965 - INFO - Saved 1 counties to data/final/real_county_scores.geojson
2025-05-08 11:27:08,965 - INFO - Updated county De Baca, 35 with obsolescence score: 0.75
2025-05-08 11:27:08,965 - INFO - Successfully processed real satellite data for county.

2025-05-08 11:27:09,046 - INFO - Saved progress: 2 processed, 446 to go
2025-05-08 11:27:09,046 - INFO - Processing county 3/3: 06091
2025-05-08 11:27:09,046 - INFO - Processing county 06091...
2025-05-08 11:27:15,434 - INFO - 2025-05-08 11:27:09,473 - INFO - Initializing Earth Engine...
2025-05-08 11:27:11,397 - INFO - Earth Engine initialized successfully!
2025-05-08 11:27:11,397 - INFO - Getting data for county FIPS: 06091
2025-05-08 11:27:11,582 - INFO - Found county: Sierra, 06
2025-05-08 11:27:11,594 - INFO - Calculating obsolescence score using real satellite data...
2025-05-08 11:27:11,597 - INFO - Simplifying county geometry...
2025-05-08 11:27:11,597 - INFO - Fetching Sentinel-2 imagery...
2025-05-08 11:27:12,541 - INFO - Found 5 Sentinel-2 images
2025-05-08 11:27:12,542 - INFO - Calculating vegetation and built-up indices...
2025-05-08 11:27:12,544 - INFO - Calculating median values...
2025-05-08 11:27:12,545 - INFO - Calculating final obsolescence score...
2025-05-08 11:27:13,871 - INFO - Mean obsolescence values: {'NDBI': None}
2025-05-08 11:27:15,320 - WARNING - NDBI value is None, using default value
2025-05-08 11:27:15,320 - INFO - Successfully calculated real obsolescence score: 0.75
2025-05-08 11:27:15,321 - INFO - Updating county scores in data/final/real_county_scores.geojson...
2025-05-08 11:27:15,334 - INFO - Loaded 1 counties from existing GeoJSON file
2025-05-08 11:27:15,335 - INFO - Converting CRS from None to EPSG:4326
2025-05-08 11:27:15,335 - ERROR - Error loading existing GeoJSON file: Cannot transform naive geometries.  Please set a crs on the object first.
2025-05-08 11:27:15,335 - INFO - Creating new GeoJSON file
2025-05-08 11:27:15,354 - INFO - Created 1 records
2025-05-08 11:27:15,354 - INFO - Saved 1 counties to data/final/real_county_scores.geojson
2025-05-08 11:27:15,354 - INFO - Updated county Sierra, 06 with obsolescence score: 0.75
2025-05-08 11:27:15,355 - INFO - Successfully processed real satellite data for county.

2025-05-08 11:27:15,435 - INFO - Saved progress: 3 processed, 445 to go
2025-05-08 11:27:15,435 - INFO - Batch processing complete. Processed 3 counties.
2025-05-08 11:27:15,435 - INFO - Total counties processed: 3
2025-05-08 11:27:15,435 - INFO - Counties remaining: 445
2025-05-08 11:27:51,132 - INFO - Getting counties to process for region: west
2025-05-08 11:27:51,304 - INFO - Found 449 counties in the west region
2025-05-08 11:27:51,312 - INFO - Loaded 1 counties from existing GeoJSON file
2025-05-08 11:27:51,312 - INFO - Found 448 counties to process
2025-05-08 11:27:51,338 - INFO - Processing 3 counties in this batch...
2025-05-08 11:27:51,338 - INFO - Processing county 1/3: 53069
2025-05-08 11:27:51,338 - INFO - Processing county 53069...
2025-05-08 11:27:54,803 - INFO - 2025-05-08 11:27:51,732 - INFO - Initializing Earth Engine...
2025-05-08 11:27:53,340 - INFO - Earth Engine initialized successfully!
2025-05-08 11:27:53,341 - INFO - Getting data for county FIPS: 53069
2025-05-08 11:27:53,533 - INFO - Found county: Wahkiakum, 53
2025-05-08 11:27:53,545 - INFO - Calculating obsolescence score using real satellite data...
2025-05-08 11:27:53,545 - INFO - Simplifying county geometry...
2025-05-08 11:27:53,545 - INFO - Fetching Sentinel-2 imagery...
2025-05-08 11:27:53,936 - INFO - Found 5 Sentinel-2 images
2025-05-08 11:27:53,936 - INFO - Calculating vegetation and built-up indices...
2025-05-08 11:27:53,938 - INFO - Calculating median values...
2025-05-08 11:27:53,939 - INFO - Calculating final obsolescence score...
2025-05-08 11:27:54,405 - INFO - Mean obsolescence values: {'NDBI': None}
2025-05-08 11:27:54,701 - WARNING - NDBI value is None, using default value
2025-05-08 11:27:54,701 - INFO - Successfully calculated real obsolescence score: 0.75
2025-05-08 11:27:54,701 - INFO - Updating county scores in data/final/real_county_scores.geojson...
2025-05-08 11:27:54,710 - INFO - Loaded 1 counties from existing GeoJSON file
2025-05-08 11:27:54,725 - INFO - Created 2 records
2025-05-08 11:27:54,726 - INFO - Saved 2 counties to data/final/real_county_scores.geojson
2025-05-08 11:27:54,726 - INFO - Updated county Wahkiakum, 53 with obsolescence score: 0.75
2025-05-08 11:27:54,726 - INFO - Successfully processed real satellite data for county.

2025-05-08 11:27:54,804 - INFO - Saved progress: 1 processed, 447 to go
2025-05-08 11:27:54,804 - INFO - Processing county 2/3: 35011
2025-05-08 11:27:54,804 - INFO - Processing county 35011...
2025-05-08 11:27:58,748 - INFO - 2025-05-08 11:27:55,218 - INFO - Initializing Earth Engine...
2025-05-08 11:27:56,913 - INFO - Earth Engine initialized successfully!
2025-05-08 11:27:56,913 - INFO - Getting data for county FIPS: 35011
2025-05-08 11:27:57,089 - INFO - Found county: De Baca, 35
2025-05-08 11:27:57,100 - INFO - Calculating obsolescence score using real satellite data...
2025-05-08 11:27:57,100 - INFO - Simplifying county geometry...
2025-05-08 11:27:57,100 - INFO - Fetching Sentinel-2 imagery...
2025-05-08 11:27:57,716 - INFO - Found 5 Sentinel-2 images
2025-05-08 11:27:57,716 - INFO - Calculating vegetation and built-up indices...
2025-05-08 11:27:57,718 - INFO - Calculating median values...
2025-05-08 11:27:57,719 - INFO - Calculating final obsolescence score...
2025-05-08 11:27:58,295 - INFO - Mean obsolescence values: {'NDBI': None}
2025-05-08 11:27:58,621 - WARNING - NDBI value is None, using default value
2025-05-08 11:27:58,621 - INFO - Successfully calculated real obsolescence score: 0.75
2025-05-08 11:27:58,621 - INFO - Updating county scores in data/final/real_county_scores.geojson...
2025-05-08 11:27:58,647 - INFO - Loaded 2 counties from existing GeoJSON file
2025-05-08 11:27:58,669 - INFO - Created 3 records
2025-05-08 11:27:58,669 - INFO - Saved 3 counties to data/final/real_county_scores.geojson
2025-05-08 11:27:58,669 - INFO - Updated county De Baca, 35 with obsolescence score: 0.75
2025-05-08 11:27:58,669 - INFO - Successfully processed real satellite data for county.

2025-05-08 11:27:58,754 - INFO - Saved progress: 2 processed, 446 to go
2025-05-08 11:27:58,754 - INFO - Processing county 3/3: 41063
2025-05-08 11:27:58,754 - INFO - Processing county 41063...
2025-05-08 11:28:09,710 - INFO - 2025-05-08 11:27:59,169 - INFO - Initializing Earth Engine...
2025-05-08 11:28:00,673 - INFO - Earth Engine initialized successfully!
2025-05-08 11:28:00,674 - INFO - Getting data for county FIPS: 41063
2025-05-08 11:28:00,879 - INFO - Found county: Wallowa, 41
2025-05-08 11:28:00,890 - INFO - Calculating obsolescence score using real satellite data...
2025-05-08 11:28:00,893 - INFO - Simplifying county geometry...
2025-05-08 11:28:00,893 - INFO - Fetching Sentinel-2 imagery...
2025-05-08 11:28:01,945 - INFO - Found 5 Sentinel-2 images
2025-05-08 11:28:01,945 - INFO - Calculating vegetation and built-up indices...
2025-05-08 11:28:01,945 - INFO - Calculating median values...
2025-05-08 11:28:01,946 - INFO - Calculating final obsolescence score...
2025-05-08 11:28:07,804 - INFO - Mean obsolescence values: {'NDBI': None}
2025-05-08 11:28:09,578 - WARNING - NDBI value is None, using default value
2025-05-08 11:28:09,578 - INFO - Successfully calculated real obsolescence score: 0.75
2025-05-08 11:28:09,579 - INFO - Updating county scores in data/final/real_county_scores.geojson...
2025-05-08 11:28:09,605 - INFO - Loaded 3 counties from existing GeoJSON file
2025-05-08 11:28:09,636 - INFO - Created 4 records
2025-05-08 11:28:09,637 - INFO - Saved 4 counties to data/final/real_county_scores.geojson
2025-05-08 11:28:09,637 - INFO - Updated county Wallowa, 41 with obsolescence score: 0.75
2025-05-08 11:28:09,637 - INFO - Successfully processed real satellite data for county.

2025-05-08 11:28:09,711 - INFO - Saved progress: 3 processed, 445 to go
2025-05-08 11:28:09,711 - INFO - Batch processing complete. Processed 3 counties.
2025-05-08 11:28:09,711 - INFO - Total counties processed: 3
2025-05-08 11:28:09,711 - INFO - Counties remaining: 445
2025-05-08 11:29:05,072 - INFO - Resuming from last processed county...
2025-05-08 11:29:05,073 - INFO - Loaded progress: 3 processed, 445 to go
2025-05-08 11:29:05,073 - INFO - Processing 3 counties in this batch...
2025-05-08 11:29:05,073 - INFO - Processing county 1/3: 08109
2025-05-08 11:29:05,073 - INFO - Processing county 08109...
2025-05-08 11:29:09,604 - INFO - 2025-05-08 11:29:05,695 - INFO - Initializing Earth Engine...
2025-05-08 11:29:06,957 - INFO - Earth Engine initialized successfully!
2025-05-08 11:29:06,957 - INFO - Getting data for county FIPS: 08109
2025-05-08 11:29:07,143 - INFO - Found county: Saguache, 08
2025-05-08 11:29:07,159 - INFO - Calculating obsolescence score using real satellite data...
2025-05-08 11:29:07,161 - INFO - Simplifying county geometry...
2025-05-08 11:29:07,161 - INFO - Fetching Sentinel-2 imagery...
2025-05-08 11:29:07,698 - INFO - Found 5 Sentinel-2 images
2025-05-08 11:29:07,698 - INFO - Calculating vegetation and built-up indices...
2025-05-08 11:29:07,699 - INFO - Calculating median values...
2025-05-08 11:29:07,699 - INFO - Calculating final obsolescence score...
2025-05-08 11:29:08,867 - INFO - Mean obsolescence values: {'NDBI': None}
2025-05-08 11:29:09,449 - WARNING - NDBI value is None, using default value
2025-05-08 11:29:09,449 - INFO - Successfully calculated real obsolescence score: 0.75
2025-05-08 11:29:09,449 - INFO - Updating county scores in data/final/real_county_scores.geojson...
2025-05-08 11:29:09,465 - INFO - Loaded 4 counties from existing GeoJSON file
2025-05-08 11:29:09,498 - INFO - Created 5 records
2025-05-08 11:29:09,500 - INFO - Saved 5 counties to data/final/real_county_scores.geojson
2025-05-08 11:29:09,500 - INFO - Updated county Saguache, 08 with obsolescence score: 0.75
2025-05-08 11:29:09,500 - INFO - Successfully processed real satellite data for county.

2025-05-08 11:29:09,606 - INFO - Saved progress: 4 processed, 444 to go
2025-05-08 11:29:09,606 - INFO - Processing county 2/3: 49033
2025-05-08 11:29:09,606 - INFO - Processing county 49033...
2025-05-08 11:29:15,464 - INFO - 2025-05-08 11:29:10,025 - INFO - Initializing Earth Engine...
2025-05-08 11:29:11,702 - INFO - Earth Engine initialized successfully!
2025-05-08 11:29:11,702 - INFO - Getting data for county FIPS: 49033
2025-05-08 11:29:11,900 - INFO - Found county: Rich, 49
2025-05-08 11:29:11,919 - INFO - Calculating obsolescence score using real satellite data...
2025-05-08 11:29:11,923 - INFO - Simplifying county geometry...
2025-05-08 11:29:11,923 - INFO - Fetching Sentinel-2 imagery...
2025-05-08 11:29:12,980 - INFO - Found 5 Sentinel-2 images
2025-05-08 11:29:12,980 - INFO - Calculating vegetation and built-up indices...
2025-05-08 11:29:12,982 - INFO - Calculating median values...
2025-05-08 11:29:12,983 - INFO - Calculating final obsolescence score...
2025-05-08 11:29:14,260 - INFO - Mean obsolescence values: {'NDBI': None}
2025-05-08 11:29:15,313 - WARNING - NDBI value is None, using default value
2025-05-08 11:29:15,313 - INFO - Successfully calculated real obsolescence score: 0.75
2025-05-08 11:29:15,314 - INFO - Updating county scores in data/final/real_county_scores.geojson...
2025-05-08 11:29:15,331 - INFO - Loaded 5 counties from existing GeoJSON file
2025-05-08 11:29:15,372 - INFO - Created 6 records
2025-05-08 11:29:15,373 - INFO - Saved 6 counties to data/final/real_county_scores.geojson
2025-05-08 11:29:15,373 - INFO - Updated county Rich, 49 with obsolescence score: 0.75
2025-05-08 11:29:15,373 - INFO - Successfully processed real satellite data for county.

2025-05-08 11:29:15,465 - INFO - Saved progress: 5 processed, 443 to go
2025-05-08 11:29:15,465 - INFO - Processing county 3/3: 35035
2025-05-08 11:29:15,465 - INFO - Processing county 35035...
2025-05-08 11:29:20,443 - INFO - 2025-05-08 11:29:15,918 - INFO - Initializing Earth Engine...
2025-05-08 11:29:17,189 - INFO - Earth Engine initialized successfully!
2025-05-08 11:29:17,189 - INFO - Getting data for county FIPS: 35035
2025-05-08 11:29:17,369 - INFO - Found county: Otero, 35
2025-05-08 11:29:17,385 - INFO - Calculating obsolescence score using real satellite data...
2025-05-08 11:29:17,386 - INFO - Simplifying county geometry...
2025-05-08 11:29:17,386 - INFO - Fetching Sentinel-2 imagery...
2025-05-08 11:29:18,258 - INFO - Found 5 Sentinel-2 images
2025-05-08 11:29:18,258 - INFO - Calculating vegetation and built-up indices...
2025-05-08 11:29:18,261 - INFO - Calculating median values...
2025-05-08 11:29:18,261 - INFO - Calculating final obsolescence score...
2025-05-08 11:29:19,359 - INFO - Mean obsolescence values: {'NDBI': None}
2025-05-08 11:29:20,257 - WARNING - NDBI value is None, using default value
2025-05-08 11:29:20,257 - INFO - Successfully calculated real obsolescence score: 0.75
2025-05-08 11:29:20,257 - INFO - Updating county scores in data/final/real_county_scores.geojson...
2025-05-08 11:29:20,289 - INFO - Loaded 6 counties from existing GeoJSON file
2025-05-08 11:29:20,336 - INFO - Created 7 records
2025-05-08 11:29:20,338 - INFO - Saved 7 counties to data/final/real_county_scores.geojson
2025-05-08 11:29:20,338 - INFO - Updated county Otero, 35 with obsolescence score: 0.75
2025-05-08 11:29:20,338 - INFO - Successfully processed real satellite data for county.

2025-05-08 11:29:20,444 - INFO - Saved progress: 6 processed, 442 to go
2025-05-08 11:29:20,444 - INFO - Batch processing complete. Processed 3 counties.
2025-05-08 11:29:20,444 - INFO - Total counties processed: 6
2025-05-08 11:29:20,444 - INFO - Counties remaining: 442
2025-05-08 11:29:50,954 - INFO - Resuming from last processed county...
2025-05-08 11:29:50,954 - INFO - Loaded progress: 6 processed, 442 to go
2025-05-08 11:29:50,954 - INFO - Processing 3 counties in this batch...
2025-05-08 11:29:50,954 - INFO - Processing county 1/3: 35003
2025-05-08 11:29:50,954 - INFO - Processing county 35003...
2025-05-08 11:30:03,917 - INFO - 2025-05-08 11:29:51,345 - INFO - Initializing Earth Engine...
2025-05-08 11:29:52,793 - INFO - Earth Engine initialized successfully!
2025-05-08 11:29:52,794 - INFO - Getting data for county FIPS: 35003
2025-05-08 11:29:52,992 - INFO - Found county: Catron, 35
2025-05-08 11:29:53,006 - INFO - Calculating obsolescence score using real satellite data...
2025-05-08 11:29:53,007 - INFO - Simplifying county geometry...
2025-05-08 11:29:53,007 - INFO - Fetching Sentinel-2 imagery...
2025-05-08 11:29:58,707 - INFO - Found 5 Sentinel-2 images
2025-05-08 11:29:58,707 - INFO - Calculating vegetation and built-up indices...
2025-05-08 11:29:58,709 - INFO - Calculating median values...
2025-05-08 11:29:58,710 - INFO - Calculating final obsolescence score...
2025-05-08 11:29:59,441 - INFO - Mean obsolescence values: {'NDBI': None}
2025-05-08 11:30:03,739 - WARNING - NDBI value is None, using default value
2025-05-08 11:30:03,740 - INFO - Successfully calculated real obsolescence score: 0.75
2025-05-08 11:30:03,740 - INFO - Updating county scores in data/final/real_county_scores.geojson...
2025-05-08 11:30:03,791 - INFO - Loaded 7 counties from existing GeoJSON file
2025-05-08 11:30:03,841 - INFO - Created 8 records
2025-05-08 11:30:03,842 - INFO - Saved 8 counties to data/final/real_county_scores.geojson
2025-05-08 11:30:03,842 - INFO - Updated county Catron, 35 with obsolescence score: 0.75
2025-05-08 11:30:03,842 - INFO - Successfully processed real satellite data for county.

2025-05-08 11:30:03,918 - INFO - Saved progress: 7 processed, 441 to go
2025-05-08 11:30:03,918 - INFO - Processing county 2/3: 56023
2025-05-08 11:30:03,918 - INFO - Processing county 56023...
2025-05-08 11:30:08,220 - INFO - 2025-05-08 11:30:04,374 - INFO - Initializing Earth Engine...
2025-05-08 11:30:05,693 - INFO - Earth Engine initialized successfully!
2025-05-08 11:30:05,693 - INFO - Getting data for county FIPS: 56023
2025-05-08 11:30:05,902 - INFO - Found county: Lincoln, 56
2025-05-08 11:30:05,914 - INFO - Calculating obsolescence score using real satellite data...
2025-05-08 11:30:05,915 - INFO - Simplifying county geometry...
2025-05-08 11:30:05,915 - INFO - Fetching Sentinel-2 imagery...
2025-05-08 11:30:06,451 - INFO - Found 5 Sentinel-2 images
2025-05-08 11:30:06,451 - INFO - Calculating vegetation and built-up indices...
2025-05-08 11:30:06,453 - INFO - Calculating median values...
2025-05-08 11:30:06,453 - INFO - Calculating final obsolescence score...
2025-05-08 11:30:07,422 - INFO - Mean obsolescence values: {'NDBI': None}
2025-05-08 11:30:08,035 - WARNING - NDBI value is None, using default value
2025-05-08 11:30:08,035 - INFO - Successfully calculated real obsolescence score: 0.75
2025-05-08 11:30:08,035 - INFO - Updating county scores in data/final/real_county_scores.geojson...
2025-05-08 11:30:08,063 - INFO - Loaded 8 counties from existing GeoJSON file
2025-05-08 11:30:08,116 - INFO - Created 9 records
2025-05-08 11:30:08,116 - INFO - Saved 9 counties to data/final/real_county_scores.geojson
2025-05-08 11:30:08,116 - INFO - Updated county Lincoln, 56 with obsolescence score: 0.75
2025-05-08 11:30:08,116 - INFO - Successfully processed real satellite data for county.

2025-05-08 11:30:08,221 - INFO - Saved progress: 8 processed, 440 to go
2025-05-08 11:30:08,221 - INFO - Processing county 3/3: 16051
2025-05-08 11:30:08,221 - INFO - Processing county 16051...
2025-05-08 11:30:13,008 - INFO - 2025-05-08 11:30:08,634 - INFO - Initializing Earth Engine...
2025-05-08 11:30:10,006 - INFO - Earth Engine initialized successfully!
2025-05-08 11:30:10,006 - INFO - Getting data for county FIPS: 16051
2025-05-08 11:30:10,203 - INFO - Found county: Jefferson, 16
2025-05-08 11:30:10,214 - INFO - Calculating obsolescence score using real satellite data...
2025-05-08 11:30:10,215 - INFO - Simplifying county geometry...
2025-05-08 11:30:10,215 - INFO - Fetching Sentinel-2 imagery...
2025-05-08 11:30:10,978 - INFO - Found 5 Sentinel-2 images
2025-05-08 11:30:10,978 - INFO - Calculating vegetation and built-up indices...
2025-05-08 11:30:10,979 - INFO - Calculating median values...
2025-05-08 11:30:10,980 - INFO - Calculating final obsolescence score...
2025-05-08 11:30:11,924 - INFO - Mean obsolescence values: {'NDBI': None}
2025-05-08 11:30:12,727 - WARNING - NDBI value is None, using default value
2025-05-08 11:30:12,727 - INFO - Successfully calculated real obsolescence score: 0.75
2025-05-08 11:30:12,727 - INFO - Updating county scores in data/final/real_county_scores.geojson...
2025-05-08 11:30:12,771 - INFO - Loaded 9 counties from existing GeoJSON file
2025-05-08 11:30:12,829 - INFO - Created 10 records
2025-05-08 11:30:12,829 - INFO - Saved 10 counties to data/final/real_county_scores.geojson
2025-05-08 11:30:12,829 - INFO - Updated county Jefferson, 16 with obsolescence score: 0.75
2025-05-08 11:30:12,829 - INFO - Successfully processed real satellite data for county.

2025-05-08 11:30:13,009 - INFO - Saved progress: 9 processed, 439 to go
2025-05-08 11:30:13,009 - INFO - Batch processing complete. Processed 3 counties.
2025-05-08 11:30:13,009 - INFO - Total counties processed: 9
2025-05-08 11:30:13,009 - INFO - Counties remaining: 439
2025-05-08 11:30:43,520 - INFO - Resuming from last processed county...
2025-05-08 11:30:43,520 - INFO - Loaded progress: 9 processed, 439 to go
2025-05-08 11:30:43,520 - INFO - Processing 3 counties in this batch...
2025-05-08 11:30:43,520 - INFO - Processing county 1/3: 02130
2025-05-08 11:30:43,520 - INFO - Processing county 02130...
2025-05-08 11:30:47,744 - INFO - 2025-05-08 11:30:44,059 - INFO - Initializing Earth Engine...
2025-05-08 11:30:45,430 - INFO - Earth Engine initialized successfully!
2025-05-08 11:30:45,430 - INFO - Getting data for county FIPS: 02130
2025-05-08 11:30:45,614 - INFO - Found county: Ketchikan Gateway, 02
2025-05-08 11:30:45,634 - INFO - Calculating obsolescence score using real satellite data...
2025-05-08 11:30:45,636 - INFO - Simplifying county geometry...
2025-05-08 11:30:45,636 - INFO - Fetching Sentinel-2 imagery...
2025-05-08 11:30:46,230 - INFO - Found 5 Sentinel-2 images
2025-05-08 11:30:46,230 - INFO - Calculating vegetation and built-up indices...
2025-05-08 11:30:46,230 - INFO - Calculating median values...
2025-05-08 11:30:46,231 - INFO - Calculating final obsolescence score...
2025-05-08 11:30:47,007 - INFO - Mean obsolescence values: {'NDBI': None}
2025-05-08 11:30:47,564 - WARNING - NDBI value is None, using default value
2025-05-08 11:30:47,564 - INFO - Successfully calculated real obsolescence score: 0.75
2025-05-08 11:30:47,564 - INFO - Updating county scores in data/final/real_county_scores.geojson...
2025-05-08 11:30:47,595 - INFO - Loaded 10 counties from existing GeoJSON file
2025-05-08 11:30:47,651 - INFO - Created 11 records
2025-05-08 11:30:47,653 - INFO - Saved 11 counties to data/final/real_county_scores.geojson
2025-05-08 11:30:47,653 - INFO - Updated county Ketchikan Gateway, 02 with obsolescence score: 0.75
2025-05-08 11:30:47,653 - INFO - Successfully processed real satellite data for county.

2025-05-08 11:30:47,745 - INFO - Saved progress: 10 processed, 438 to go
2025-05-08 11:30:47,745 - INFO - Processing county 2/3: 32001
2025-05-08 11:30:47,745 - INFO - Processing county 32001...
2025-05-08 11:30:54,565 - INFO - 2025-05-08 11:30:48,280 - INFO - Initializing Earth Engine...
2025-05-08 11:30:49,814 - INFO - Earth Engine initialized successfully!
2025-05-08 11:30:49,815 - INFO - Getting data for county FIPS: 32001
2025-05-08 11:30:50,024 - INFO - Found county: Churchill, 32
2025-05-08 11:30:50,043 - INFO - Calculating obsolescence score using real satellite data...
2025-05-08 11:30:50,045 - INFO - Simplifying county geometry...
2025-05-08 11:30:50,045 - INFO - Fetching Sentinel-2 imagery...
2025-05-08 11:30:51,672 - INFO - Found 5 Sentinel-2 images
2025-05-08 11:30:51,673 - INFO - Calculating vegetation and built-up indices...
2025-05-08 11:30:51,675 - INFO - Calculating median values...
2025-05-08 11:30:51,675 - INFO - Calculating final obsolescence score...
2025-05-08 11:30:53,502 - INFO - Mean obsolescence values: {'NDBI': None}
2025-05-08 11:30:54,370 - WARNING - NDBI value is None, using default value
2025-05-08 11:30:54,370 - INFO - Successfully calculated real obsolescence score: 0.75
2025-05-08 11:30:54,371 - INFO - Updating county scores in data/final/real_county_scores.geojson...
2025-05-08 11:30:54,423 - INFO - Loaded 11 counties from existing GeoJSON file
2025-05-08 11:30:54,490 - INFO - Created 12 records
2025-05-08 11:30:54,492 - INFO - Saved 12 counties to data/final/real_county_scores.geojson
2025-05-08 11:30:54,492 - INFO - Updated county Churchill, 32 with obsolescence score: 0.75
2025-05-08 11:30:54,492 - INFO - Successfully processed real satellite data for county.

2025-05-08 11:30:54,566 - INFO - Saved progress: 11 processed, 437 to go
2025-05-08 11:30:54,566 - INFO - Processing county 3/3: 41013
2025-05-08 11:30:54,566 - INFO - Processing county 41013...
2025-05-08 11:30:58,531 - INFO - 2025-05-08 11:30:55,005 - INFO - Initializing Earth Engine...
2025-05-08 11:30:56,315 - INFO - Earth Engine initialized successfully!
2025-05-08 11:30:56,315 - INFO - Getting data for county FIPS: 41013
2025-05-08 11:30:56,515 - INFO - Found county: Crook, 41
2025-05-08 11:30:56,531 - INFO - Calculating obsolescence score using real satellite data...
2025-05-08 11:30:56,532 - INFO - Simplifying county geometry...
2025-05-08 11:30:56,533 - INFO - Fetching Sentinel-2 imagery...
2025-05-08 11:30:57,041 - INFO - Found 5 Sentinel-2 images
2025-05-08 11:30:57,042 - INFO - Calculating vegetation and built-up indices...
2025-05-08 11:30:57,043 - INFO - Calculating median values...
2025-05-08 11:30:57,043 - INFO - Calculating final obsolescence score...
2025-05-08 11:30:57,821 - INFO - Mean obsolescence values: {'NDBI': None}
2025-05-08 11:30:58,320 - WARNING - NDBI value is None, using default value
2025-05-08 11:30:58,321 - INFO - Successfully calculated real obsolescence score: 0.75
2025-05-08 11:30:58,321 - INFO - Updating county scores in data/final/real_county_scores.geojson...
2025-05-08 11:30:58,381 - INFO - Loaded 12 counties from existing GeoJSON file
2025-05-08 11:30:58,450 - INFO - Created 13 records
2025-05-08 11:30:58,452 - INFO - Saved 13 counties to data/final/real_county_scores.geojson
2025-05-08 11:30:58,452 - INFO - Updated county Crook, 41 with obsolescence score: 0.75
2025-05-08 11:30:58,452 - INFO - Successfully processed real satellite data for county.

2025-05-08 11:30:58,533 - INFO - Saved progress: 12 processed, 436 to go
2025-05-08 11:30:58,534 - INFO - Batch processing complete. Processed 3 counties.
2025-05-08 11:30:58,534 - INFO - Total counties processed: 12
2025-05-08 11:30:58,534 - INFO - Counties remaining: 436
2025-05-08 11:31:29,155 - INFO - Resuming from last processed county...
2025-05-08 11:31:29,155 - INFO - Loaded progress: 12 processed, 436 to go
2025-05-08 11:31:29,155 - INFO - Processing 3 counties in this batch...
2025-05-08 11:31:29,155 - INFO - Processing county 1/3: 56013
2025-05-08 11:31:29,155 - INFO - Processing county 56013...
2025-05-08 11:31:34,989 - INFO - 2025-05-08 11:31:29,607 - INFO - Initializing Earth Engine...
2025-05-08 11:31:31,358 - INFO - Earth Engine initialized successfully!
2025-05-08 11:31:31,358 - INFO - Getting data for county FIPS: 56013
2025-05-08 11:31:31,556 - INFO - Found county: Fremont, 56
2025-05-08 11:31:31,578 - INFO - Calculating obsolescence score using real satellite data...
2025-05-08 11:31:31,582 - INFO - Simplifying county geometry...
2025-05-08 11:31:31,582 - INFO - Fetching Sentinel-2 imagery...
2025-05-08 11:31:32,732 - INFO - Found 5 Sentinel-2 images
2025-05-08 11:31:32,733 - INFO - Calculating vegetation and built-up indices...
2025-05-08 11:31:32,734 - INFO - Calculating median values...
2025-05-08 11:31:32,734 - INFO - Calculating final obsolescence score...
2025-05-08 11:31:33,771 - INFO - Mean obsolescence values: {'NDBI': None}
2025-05-08 11:31:34,740 - WARNING - NDBI value is None, using default value
2025-05-08 11:31:34,741 - INFO - Successfully calculated real obsolescence score: 0.75
2025-05-08 11:31:34,742 - INFO - Updating county scores in data/final/real_county_scores.geojson...
2025-05-08 11:31:34,807 - INFO - Loaded 13 counties from existing GeoJSON file
2025-05-08 11:31:34,890 - INFO - Created 14 records
2025-05-08 11:31:34,890 - INFO - Saved 14 counties to data/final/real_county_scores.geojson
2025-05-08 11:31:34,890 - INFO - Updated county Fremont, 56 with obsolescence score: 0.75
2025-05-08 11:31:34,890 - INFO - Successfully processed real satellite data for county.

2025-05-08 11:31:34,990 - INFO - Saved progress: 13 processed, 435 to go
2025-05-08 11:31:34,990 - INFO - Processing county 2/3: 08115
2025-05-08 11:31:34,990 - INFO - Processing county 08115...
2025-05-08 11:31:39,018 - INFO - 2025-05-08 11:31:35,453 - INFO - Initializing Earth Engine...
2025-05-08 11:31:36,851 - INFO - Earth Engine initialized successfully!
2025-05-08 11:31:36,851 - INFO - Getting data for county FIPS: 08115
2025-05-08 11:31:37,036 - INFO - Found county: Sedgwick, 08
2025-05-08 11:31:37,051 - INFO - Calculating obsolescence score using real satellite data...
2025-05-08 11:31:37,052 - INFO - Simplifying county geometry...
2025-05-08 11:31:37,052 - INFO - Fetching Sentinel-2 imagery...
2025-05-08 11:31:37,468 - INFO - Found 5 Sentinel-2 images
2025-05-08 11:31:37,468 - INFO - Calculating vegetation and built-up indices...
2025-05-08 11:31:37,469 - INFO - Calculating median values...
2025-05-08 11:31:37,469 - INFO - Calculating final obsolescence score...
2025-05-08 11:31:38,355 - INFO - Mean obsolescence values: {'NDBI': None}
2025-05-08 11:31:38,791 - WARNING - NDBI value is None, using default value
2025-05-08 11:31:38,792 - INFO - Successfully calculated real obsolescence score: 0.75
2025-05-08 11:31:38,792 - INFO - Updating county scores in data/final/real_county_scores.geojson...
2025-05-08 11:31:38,839 - INFO - Loaded 14 counties from existing GeoJSON file
2025-05-08 11:31:38,918 - INFO - Created 15 records
2025-05-08 11:31:38,918 - INFO - Saved 15 counties to data/final/real_county_scores.geojson
2025-05-08 11:31:38,918 - INFO - Updated county Sedgwick, 08 with obsolescence score: 0.75
2025-05-08 11:31:38,919 - INFO - Successfully processed real satellite data for county.

2025-05-08 11:31:39,019 - INFO - Saved progress: 14 processed, 434 to go
2025-05-08 11:31:39,019 - INFO - Processing county 3/3: 30065
2025-05-08 11:31:39,019 - INFO - Processing county 30065...
2025-05-08 11:31:43,115 - INFO - 2025-05-08 11:31:39,460 - INFO - Initializing Earth Engine...
2025-05-08 11:31:40,761 - INFO - Earth Engine initialized successfully!
2025-05-08 11:31:40,761 - INFO - Getting data for county FIPS: 30065
2025-05-08 11:31:40,939 - INFO - Found county: Musselshell, 30
2025-05-08 11:31:40,952 - INFO - Calculating obsolescence score using real satellite data...
2025-05-08 11:31:40,954 - INFO - Simplifying county geometry...
2025-05-08 11:31:40,954 - INFO - Fetching Sentinel-2 imagery...
2025-05-08 11:31:41,529 - INFO - Found 5 Sentinel-2 images
2025-05-08 11:31:41,530 - INFO - Calculating vegetation and built-up indices...
2025-05-08 11:31:41,530 - INFO - Calculating median values...
2025-05-08 11:31:41,530 - INFO - Calculating final obsolescence score...
2025-05-08 11:31:42,275 - INFO - Mean obsolescence values: {'NDBI': None}
2025-05-08 11:31:42,882 - WARNING - NDBI value is None, using default value
2025-05-08 11:31:42,882 - INFO - Successfully calculated real obsolescence score: 0.75
2025-05-08 11:31:42,882 - INFO - Updating county scores in data/final/real_county_scores.geojson...
2025-05-08 11:31:42,956 - INFO - Loaded 15 counties from existing GeoJSON file
2025-05-08 11:31:43,038 - INFO - Created 16 records
2025-05-08 11:31:43,038 - INFO - Saved 16 counties to data/final/real_county_scores.geojson
2025-05-08 11:31:43,038 - INFO - Updated county Musselshell, 30 with obsolescence score: 0.75
2025-05-08 11:31:43,038 - INFO - Successfully processed real satellite data for county.

2025-05-08 11:31:43,115 - INFO - Saved progress: 15 processed, 433 to go
2025-05-08 11:31:43,115 - INFO - Batch processing complete. Processed 3 counties.
2025-05-08 11:31:43,115 - INFO - Total counties processed: 15
2025-05-08 11:31:43,115 - INFO - Counties remaining: 433
2025-05-08 11:32:13,809 - INFO - Resuming from last processed county...
2025-05-08 11:32:13,810 - INFO - Loaded progress: 15 processed, 433 to go
2025-05-08 11:32:13,810 - INFO - Processing 3 counties in this batch...
2025-05-08 11:32:13,810 - INFO - Processing county 1/3: 56041
2025-05-08 11:32:13,810 - INFO - Processing county 56041...
2025-05-08 11:32:18,117 - INFO - 2025-05-08 11:32:14,523 - INFO - Initializing Earth Engine...
2025-05-08 11:32:15,853 - INFO - Earth Engine initialized successfully!
2025-05-08 11:32:15,853 - INFO - Getting data for county FIPS: 56041
2025-05-08 11:32:16,060 - INFO - Found county: Uinta, 56
2025-05-08 11:32:16,074 - INFO - Calculating obsolescence score using real satellite data...
2025-05-08 11:32:16,075 - INFO - Simplifying county geometry...
2025-05-08 11:32:16,075 - INFO - Fetching Sentinel-2 imagery...
2025-05-08 11:32:16,693 - INFO - Found 5 Sentinel-2 images
2025-05-08 11:32:16,693 - INFO - Calculating vegetation and built-up indices...
2025-05-08 11:32:16,693 - INFO - Calculating median values...
2025-05-08 11:32:16,694 - INFO - Calculating final obsolescence score...
2025-05-08 11:32:17,470 - INFO - Mean obsolescence values: {'NDBI': None}
2025-05-08 11:32:17,881 - WARNING - NDBI value is None, using default value
2025-05-08 11:32:17,881 - INFO - Successfully calculated real obsolescence score: 0.75
2025-05-08 11:32:17,881 - INFO - Updating county scores in data/final/real_county_scores.geojson...
2025-05-08 11:32:17,933 - INFO - Loaded 16 counties from existing GeoJSON file
2025-05-08 11:32:18,022 - INFO - Created 17 records
2025-05-08 11:32:18,023 - INFO - Saved 17 counties to data/final/real_county_scores.geojson
2025-05-08 11:32:18,023 - INFO - Updated county Uinta, 56 with obsolescence score: 0.75
2025-05-08 11:32:18,023 - INFO - Successfully processed real satellite data for county.

2025-05-08 11:32:18,118 - INFO - Saved progress: 16 processed, 432 to go
2025-05-08 11:32:18,118 - INFO - Processing county 2/3: 32013
2025-05-08 11:32:18,118 - INFO - Processing county 32013...
2025-05-08 11:32:22,677 - INFO - 2025-05-08 11:32:18,566 - INFO - Initializing Earth Engine...
2025-05-08 11:32:20,031 - INFO - Earth Engine initialized successfully!
2025-05-08 11:32:20,032 - INFO - Getting data for county FIPS: 32013
2025-05-08 11:32:20,213 - INFO - Found county: Humboldt, 32
2025-05-08 11:32:20,250 - INFO - Calculating obsolescence score using real satellite data...
2025-05-08 11:32:20,253 - INFO - Simplifying county geometry...
2025-05-08 11:32:20,254 - INFO - Fetching Sentinel-2 imagery...
2025-05-08 11:32:20,789 - INFO - Found 5 Sentinel-2 images
2025-05-08 11:32:20,789 - INFO - Calculating vegetation and built-up indices...
2025-05-08 11:32:20,790 - INFO - Calculating median values...
2025-05-08 11:32:20,790 - INFO - Calculating final obsolescence score...
2025-05-08 11:32:21,935 - INFO - Mean obsolescence values: {'NDBI': None}
2025-05-08 11:32:22,433 - WARNING - NDBI value is None, using default value
2025-05-08 11:32:22,433 - INFO - Successfully calculated real obsolescence score: 0.75
2025-05-08 11:32:22,433 - INFO - Updating county scores in data/final/real_county_scores.geojson...
2025-05-08 11:32:22,497 - INFO - Loaded 17 counties from existing GeoJSON file
2025-05-08 11:32:22,590 - INFO - Created 18 records
2025-05-08 11:32:22,591 - INFO - Saved 18 counties to data/final/real_county_scores.geojson
2025-05-08 11:32:22,591 - INFO - Updated county Humboldt, 32 with obsolescence score: 0.75
2025-05-08 11:32:22,591 - INFO - Successfully processed real satellite data for county.

2025-05-08 11:32:22,677 - INFO - Saved progress: 17 processed, 431 to go
2025-05-08 11:32:22,678 - INFO - Processing county 3/3: 08017
2025-05-08 11:32:22,678 - INFO - Processing county 08017...
2025-05-08 11:32:26,746 - INFO - 2025-05-08 11:32:23,078 - INFO - Initializing Earth Engine...
2025-05-08 11:32:24,486 - INFO - Earth Engine initialized successfully!
2025-05-08 11:32:24,486 - INFO - Getting data for county FIPS: 08017
2025-05-08 11:32:24,688 - INFO - Found county: Cheyenne, 08
2025-05-08 11:32:24,702 - INFO - Calculating obsolescence score using real satellite data...
2025-05-08 11:32:24,703 - INFO - Simplifying county geometry...
2025-05-08 11:32:24,703 - INFO - Fetching Sentinel-2 imagery...
2025-05-08 11:32:25,254 - INFO - Found 5 Sentinel-2 images
2025-05-08 11:32:25,254 - INFO - Calculating vegetation and built-up indices...
2025-05-08 11:32:25,255 - INFO - Calculating median values...
2025-05-08 11:32:25,255 - INFO - Calculating final obsolescence score...
2025-05-08 11:32:25,951 - INFO - Mean obsolescence values: {'NDBI': None}
2025-05-08 11:32:26,507 - WARNING - NDBI value is None, using default value
2025-05-08 11:32:26,507 - INFO - Successfully calculated real obsolescence score: 0.75
2025-05-08 11:32:26,507 - INFO - Updating county scores in data/final/real_county_scores.geojson...
2025-05-08 11:32:26,560 - INFO - Loaded 18 counties from existing GeoJSON file
2025-05-08 11:32:26,656 - INFO - Created 19 records
2025-05-08 11:32:26,658 - INFO - Saved 19 counties to data/final/real_county_scores.geojson
2025-05-08 11:32:26,658 - INFO - Updated county Cheyenne, 08 with obsolescence score: 0.75
2025-05-08 11:32:26,658 - INFO - Successfully processed real satellite data for county.

2025-05-08 11:32:26,747 - INFO - Saved progress: 18 processed, 430 to go
2025-05-08 11:32:26,747 - INFO - Batch processing complete. Processed 3 counties.
2025-05-08 11:32:26,747 - INFO - Total counties processed: 18
2025-05-08 11:32:26,747 - INFO - Counties remaining: 430
2025-05-08 11:32:57,274 - INFO - Resuming from last processed county...
2025-05-08 11:32:57,274 - INFO - Loaded progress: 18 processed, 430 to go
2025-05-08 11:32:57,274 - INFO - Processing 3 counties in this batch...
2025-05-08 11:32:57,274 - INFO - Processing county 1/3: 41005
2025-05-08 11:32:57,274 - INFO - Processing county 41005...
2025-05-08 11:33:12,642 - INFO - 2025-05-08 11:32:57,810 - INFO - Initializing Earth Engine...
2025-05-08 11:33:05,521 - INFO - Earth Engine initialized successfully!
2025-05-08 11:33:05,521 - INFO - Getting data for county FIPS: 41005
2025-05-08 11:33:05,702 - INFO - Found county: Clackamas, 41
2025-05-08 11:33:05,734 - INFO - Calculating obsolescence score using real satellite data...
2025-05-08 11:33:05,743 - INFO - Simplifying county geometry...
2025-05-08 11:33:05,743 - INFO - Fetching Sentinel-2 imagery...
2025-05-08 11:33:07,879 - INFO - Found 5 Sentinel-2 images
2025-05-08 11:33:07,879 - INFO - Calculating vegetation and built-up indices...
2025-05-08 11:33:07,880 - INFO - Calculating median values...
2025-05-08 11:33:07,880 - INFO - Calculating final obsolescence score...
2025-05-08 11:33:10,612 - INFO - Mean obsolescence values: {'NDBI': None}
2025-05-08 11:33:12,357 - WARNING - NDBI value is None, using default value
2025-05-08 11:33:12,357 - INFO - Successfully calculated real obsolescence score: 0.75
2025-05-08 11:33:12,358 - INFO - Updating county scores in data/final/real_county_scores.geojson...
2025-05-08 11:33:12,428 - INFO - Loaded 19 counties from existing GeoJSON file
2025-05-08 11:33:12,550 - INFO - Created 20 records
2025-05-08 11:33:12,551 - INFO - Saved 20 counties to data/final/real_county_scores.geojson
2025-05-08 11:33:12,552 - INFO - Updated county Clackamas, 41 with obsolescence score: 0.75
2025-05-08 11:33:12,552 - INFO - Successfully processed real satellite data for county.

2025-05-08 11:33:12,643 - INFO - Saved progress: 19 processed, 429 to go
2025-05-08 11:33:12,643 - INFO - Processing county 2/3: 49005
2025-05-08 11:33:12,643 - INFO - Processing county 49005...
2025-05-08 11:33:19,051 - INFO - 2025-05-08 11:33:13,074 - INFO - Initializing Earth Engine...
2025-05-08 11:33:14,469 - INFO - Earth Engine initialized successfully!
2025-05-08 11:33:14,469 - INFO - Getting data for county FIPS: 49005
2025-05-08 11:33:14,651 - INFO - Found county: Cache, 49
2025-05-08 11:33:14,663 - INFO - Calculating obsolescence score using real satellite data...
2025-05-08 11:33:14,668 - INFO - Simplifying county geometry...
2025-05-08 11:33:14,668 - INFO - Fetching Sentinel-2 imagery...
2025-05-08 11:33:16,055 - INFO - Found 5 Sentinel-2 images
2025-05-08 11:33:16,055 - INFO - Calculating vegetation and built-up indices...
2025-05-08 11:33:16,057 - INFO - Calculating median values...
2025-05-08 11:33:16,058 - INFO - Calculating final obsolescence score...
2025-05-08 11:33:17,485 - INFO - Mean obsolescence values: {'NDBI': None}
2025-05-08 11:33:18,743 - WARNING - NDBI value is None, using default value
2025-05-08 11:33:18,743 - INFO - Successfully calculated real obsolescence score: 0.75
2025-05-08 11:33:18,744 - INFO - Updating county scores in data/final/real_county_scores.geojson...
2025-05-08 11:33:18,843 - INFO - Loaded 20 counties from existing GeoJSON file
2025-05-08 11:33:18,977 - INFO - Created 21 records
2025-05-08 11:33:18,977 - INFO - Saved 21 counties to data/final/real_county_scores.geojson
2025-05-08 11:33:18,977 - INFO - Updated county Cache, 49 with obsolescence score: 0.75
2025-05-08 11:33:18,977 - INFO - Successfully processed real satellite data for county.

2025-05-08 11:33:19,051 - INFO - Saved progress: 20 processed, 428 to go
2025-05-08 11:33:19,051 - INFO - Processing county 3/3: 16055
2025-05-08 11:33:19,051 - INFO - Processing county 16055...
2025-05-08 11:33:24,317 - INFO - 2025-05-08 11:33:19,476 - INFO - Initializing Earth Engine...
2025-05-08 11:33:21,218 - INFO - Earth Engine initialized successfully!
2025-05-08 11:33:21,219 - INFO - Getting data for county FIPS: 16055
2025-05-08 11:33:21,421 - INFO - Found county: Kootenai, 16
2025-05-08 11:33:21,440 - INFO - Calculating obsolescence score using real satellite data...
2025-05-08 11:33:21,441 - INFO - Simplifying county geometry...
2025-05-08 11:33:21,441 - INFO - Fetching Sentinel-2 imagery...
2025-05-08 11:33:22,350 - INFO - Found 5 Sentinel-2 images
2025-05-08 11:33:22,350 - INFO - Calculating vegetation and built-up indices...
2025-05-08 11:33:22,351 - INFO - Calculating median values...
2025-05-08 11:33:22,351 - INFO - Calculating final obsolescence score...
2025-05-08 11:33:23,322 - INFO - Mean obsolescence values: {'NDBI': None}
2025-05-08 11:33:24,010 - WARNING - NDBI value is None, using default value
2025-05-08 11:33:24,010 - INFO - Successfully calculated real obsolescence score: 0.75
2025-05-08 11:33:24,010 - INFO - Updating county scores in data/final/real_county_scores.geojson...
2025-05-08 11:33:24,091 - INFO - Loaded 21 counties from existing GeoJSON file
2025-05-08 11:33:24,235 - INFO - Created 22 records
2025-05-08 11:33:24,237 - INFO - Saved 22 counties to data/final/real_county_scores.geojson
2025-05-08 11:33:24,237 - INFO - Updated county Kootenai, 16 with obsolescence score: 0.75
2025-05-08 11:33:24,237 - INFO - Successfully processed real satellite data for county.

2025-05-08 11:33:24,318 - INFO - Saved progress: 21 processed, 427 to go
2025-05-08 11:33:24,318 - INFO - Batch processing complete. Processed 3 counties.
2025-05-08 11:33:24,318 - INFO - Total counties processed: 21
2025-05-08 11:33:24,318 - INFO - Counties remaining: 427
2025-05-08 11:33:54,877 - INFO - Resuming from last processed county...
2025-05-08 11:33:54,877 - INFO - Loaded progress: 21 processed, 427 to go
2025-05-08 11:33:54,877 - INFO - Processing 3 counties in this batch...
2025-05-08 11:33:54,877 - INFO - Processing county 1/3: 32003
2025-05-08 11:33:54,877 - INFO - Processing county 32003...
2025-05-08 11:34:00,266 - INFO - 2025-05-08 11:33:55,308 - INFO - Initializing Earth Engine...
2025-05-08 11:33:56,667 - INFO - Earth Engine initialized successfully!
2025-05-08 11:33:56,667 - INFO - Getting data for county FIPS: 32003
2025-05-08 11:33:56,858 - INFO - Found county: Clark, 32
2025-05-08 11:33:56,874 - INFO - Calculating obsolescence score using real satellite data...
2025-05-08 11:33:56,877 - INFO - Simplifying county geometry...
2025-05-08 11:33:56,877 - INFO - Fetching Sentinel-2 imagery...
2025-05-08 11:33:58,141 - INFO - Found 5 Sentinel-2 images
2025-05-08 11:33:58,141 - INFO - Calculating vegetation and built-up indices...
2025-05-08 11:33:58,143 - INFO - Calculating median values...
2025-05-08 11:33:58,143 - INFO - Calculating final obsolescence score...
2025-05-08 11:33:59,270 - INFO - Mean obsolescence values: {'NDBI': None}
2025-05-08 11:33:59,927 - WARNING - NDBI value is None, using default value
2025-05-08 11:33:59,927 - INFO - Successfully calculated real obsolescence score: 0.75
2025-05-08 11:33:59,927 - INFO - Updating county scores in data/final/real_county_scores.geojson...
2025-05-08 11:34:00,017 - INFO - Loaded 22 counties from existing GeoJSON file
2025-05-08 11:34:00,163 - INFO - Created 23 records
2025-05-08 11:34:00,165 - INFO - Saved 23 counties to data/final/real_county_scores.geojson
2025-05-08 11:34:00,165 - INFO - Updated county Clark, 32 with obsolescence score: 0.75
2025-05-08 11:34:00,165 - INFO - Successfully processed real satellite data for county.

2025-05-08 11:34:00,267 - INFO - Saved progress: 22 processed, 426 to go
2025-05-08 11:34:00,267 - INFO - Processing county 2/3: 08027
2025-05-08 11:34:00,267 - INFO - Processing county 08027...
2025-05-08 11:34:06,289 - INFO - 2025-05-08 11:34:00,789 - INFO - Initializing Earth Engine...
2025-05-08 11:34:03,253 - INFO - Earth Engine initialized successfully!
2025-05-08 11:34:03,253 - INFO - Getting data for county FIPS: 08027
2025-05-08 11:34:03,438 - INFO - Found county: Custer, 08
2025-05-08 11:34:03,454 - INFO - Calculating obsolescence score using real satellite data...
2025-05-08 11:34:03,456 - INFO - Simplifying county geometry...
2025-05-08 11:34:03,456 - INFO - Fetching Sentinel-2 imagery...
2025-05-08 11:34:03,936 - INFO - Found 5 Sentinel-2 images
2025-05-08 11:34:03,936 - INFO - Calculating vegetation and built-up indices...
2025-05-08 11:34:03,937 - INFO - Calculating median values...
2025-05-08 11:34:03,938 - INFO - Calculating final obsolescence score...
2025-05-08 11:34:05,350 - INFO - Mean obsolescence values: {'NDBI': None}
2025-05-08 11:34:05,918 - WARNING - NDBI value is None, using default value
2025-05-08 11:34:05,918 - INFO - Successfully calculated real obsolescence score: 0.75
2025-05-08 11:34:05,918 - INFO - Updating county scores in data/final/real_county_scores.geojson...
2025-05-08 11:34:06,038 - INFO - Loaded 23 counties from existing GeoJSON file
2025-05-08 11:34:06,192 - INFO - Created 24 records
2025-05-08 11:34:06,193 - INFO - Saved 24 counties to data/final/real_county_scores.geojson
2025-05-08 11:34:06,193 - INFO - Updated county Custer, 08 with obsolescence score: 0.75
2025-05-08 11:34:06,193 - INFO - Successfully processed real satellite data for county.

2025-05-08 11:34:06,290 - INFO - Saved progress: 23 processed, 425 to go
2025-05-08 11:34:06,290 - INFO - Processing county 3/3: 41007
2025-05-08 11:34:06,290 - INFO - Processing county 41007...
2025-05-08 11:34:10,577 - INFO - 2025-05-08 11:34:06,781 - INFO - Initializing Earth Engine...
2025-05-08 11:34:08,200 - INFO - Earth Engine initialized successfully!
2025-05-08 11:34:08,200 - INFO - Getting data for county FIPS: 41007
2025-05-08 11:34:08,389 - INFO - Found county: Clatsop, 41
2025-05-08 11:34:08,407 - INFO - Calculating obsolescence score using real satellite data...
2025-05-08 11:34:08,408 - INFO - Simplifying county geometry...
2025-05-08 11:34:08,408 - INFO - Fetching Sentinel-2 imagery...
2025-05-08 11:34:08,943 - INFO - Found 5 Sentinel-2 images
2025-05-08 11:34:08,944 - INFO - Calculating vegetation and built-up indices...
2025-05-08 11:34:08,946 - INFO - Calculating median values...
2025-05-08 11:34:08,946 - INFO - Calculating final obsolescence score...
2025-05-08 11:34:09,639 - INFO - Mean obsolescence values: {'NDBI': None}
2025-05-08 11:34:10,238 - WARNING - NDBI value is None, using default value
2025-05-08 11:34:10,238 - INFO - Successfully calculated real obsolescence score: 0.75
2025-05-08 11:34:10,238 - INFO - Updating county scores in data/final/real_county_scores.geojson...
2025-05-08 11:34:10,327 - INFO - Loaded 24 counties from existing GeoJSON file
2025-05-08 11:34:10,481 - INFO - Created 25 records
2025-05-08 11:34:10,481 - INFO - Saved 25 counties to data/final/real_county_scores.geojson
2025-05-08 11:34:10,481 - INFO - Updated county Clatsop, 41 with obsolescence score: 0.75
2025-05-08 11:34:10,481 - INFO - Successfully processed real satellite data for county.

2025-05-08 11:34:10,578 - INFO - Saved progress: 24 processed, 424 to go
2025-05-08 11:34:10,578 - INFO - Batch processing complete. Processed 3 counties.
2025-05-08 11:34:10,578 - INFO - Total counties processed: 24
2025-05-08 11:34:10,578 - INFO - Counties remaining: 424
2025-05-08 11:34:41,167 - INFO - Resuming from last processed county...
2025-05-08 11:34:41,167 - INFO - Loaded progress: 24 processed, 424 to go
2025-05-08 11:34:41,167 - INFO - Processing 3 counties in this batch...
2025-05-08 11:34:41,167 - INFO - Processing county 1/3: 53041
2025-05-08 11:34:41,167 - INFO - Processing county 53041...
2025-05-08 11:34:47,164 - INFO - 2025-05-08 11:34:41,590 - INFO - Initializing Earth Engine...
2025-05-08 11:34:44,219 - INFO - Earth Engine initialized successfully!
2025-05-08 11:34:44,219 - INFO - Getting data for county FIPS: 53041
2025-05-08 11:34:44,398 - INFO - Found county: Lewis, 53
2025-05-08 11:34:44,412 - INFO - Calculating obsolescence score using real satellite data...
2025-05-08 11:34:44,414 - INFO - Simplifying county geometry...
2025-05-08 11:34:44,414 - INFO - Fetching Sentinel-2 imagery...
2025-05-08 11:34:45,327 - INFO - Found 5 Sentinel-2 images
2025-05-08 11:34:45,327 - INFO - Calculating vegetation and built-up indices...
2025-05-08 11:34:45,328 - INFO - Calculating median values...
2025-05-08 11:34:45,328 - INFO - Calculating final obsolescence score...
2025-05-08 11:34:46,252 - INFO - Mean obsolescence values: {'NDBI': None}
2025-05-08 11:34:46,797 - WARNING - NDBI value is None, using default value
2025-05-08 11:34:46,797 - INFO - Successfully calculated real obsolescence score: 0.75
2025-05-08 11:34:46,798 - INFO - Updating county scores in data/final/real_county_scores.geojson...
2025-05-08 11:34:46,891 - INFO - Loaded 25 counties from existing GeoJSON file
2025-05-08 11:34:47,058 - INFO - Created 26 records
2025-05-08 11:34:47,060 - INFO - Saved 26 counties to data/final/real_county_scores.geojson
2025-05-08 11:34:47,060 - INFO - Updated county Lewis, 53 with obsolescence score: 0.75
2025-05-08 11:34:47,060 - INFO - Successfully processed real satellite data for county.

2025-05-08 11:34:47,165 - INFO - Saved progress: 25 processed, 423 to go
2025-05-08 11:34:47,165 - INFO - Processing county 2/3: 30015
2025-05-08 11:34:47,165 - INFO - Processing county 30015...
2025-05-08 11:34:47,187 - ERROR - Error processing county 30015: Command 'python tools/process_real_satellite_only.py --county 30015 --output data/final/real_county_scores.geojson' returned non-zero exit status 1.
2025-05-08 11:34:47,187 - ERROR - Error output:   File "/Users/yairtitelboim/Documents/Kernel/ALLAPPS/LOGhub/tools/process_real_satellite_only.py", line 228
    (img.select('B8').add(img.select('B2'))))).divide(
                                                     ^
SyntaxError: '(' was never closed

2025-05-08 11:34:47,187 - ERROR - Failed to process county 30015
2025-05-08 11:34:47,187 - INFO - Saved progress: 25 processed, 423 to go
2025-05-08 11:34:47,188 - INFO - Processing county 3/3: 16045
2025-05-08 11:34:47,188 - INFO - Processing county 16045...
2025-05-08 11:34:47,203 - ERROR - Error processing county 16045: Command 'python tools/process_real_satellite_only.py --county 16045 --output data/final/real_county_scores.geojson' returned non-zero exit status 1.
2025-05-08 11:34:47,203 - ERROR - Error output:   File "/Users/yairtitelboim/Documents/Kernel/ALLAPPS/LOGhub/tools/process_real_satellite_only.py", line 228
    (img.select('B8').add(img.select('B2'))))).divide(
                                                     ^
SyntaxError: '(' was never closed

2025-05-08 11:34:47,203 - ERROR - Failed to process county 16045
2025-05-08 11:34:47,204 - INFO - Saved progress: 25 processed, 423 to go
2025-05-08 11:34:47,204 - INFO - Batch processing complete. Processed 3 counties.
2025-05-08 11:34:47,204 - INFO - Total counties processed: 25
2025-05-08 11:34:47,204 - INFO - Counties remaining: 423
2025-05-08 11:43:11,090 - INFO - Getting counties to process for region: west
2025-05-08 11:43:11,448 - INFO - Found 449 counties in the west region
2025-05-08 11:43:11,476 - INFO - Loaded 3 counties from existing GeoJSON file
2025-05-08 11:43:11,476 - INFO - Found 446 counties to process
2025-05-08 11:43:11,491 - INFO - Processing 2 counties in this batch...
2025-05-08 11:43:11,491 - INFO - Processing county 1/2: 53069
2025-05-08 11:43:11,491 - INFO - Processing county 53069...
2025-05-08 11:43:15,556 - INFO - 2025-05-08 11:43:12,057 - INFO - Processing county 53069 using real satellite data only
2025-05-08 11:43:12,057 - INFO - Date range: 2023-01-01 to 2023-12-31
2025-05-08 11:43:12,057 - INFO - Initializing Earth Engine...
2025-05-08 11:43:13,741 - INFO - Earth Engine initialized successfully!
2025-05-08 11:43:13,741 - INFO - Getting data for county FIPS: 53069
2025-05-08 11:43:13,970 - INFO - Found county: Wahkiakum, 53
2025-05-08 11:43:13,984 - INFO - Processing county: Wahkiakum, 53 (FIPS: 53069)
2025-05-08 11:43:13,986 - INFO - Calculating obsolescence score using real satellite data...
2025-05-08 11:43:13,987 - INFO - Simplifying county geometry...
2025-05-08 11:43:13,987 - INFO - Creating sample area...
2025-05-08 11:43:14,396 - INFO - Fetching Sentinel-2 imagery...
2025-05-08 11:43:14,845 - INFO - Found 10 Sentinel-2 images
2025-05-08 11:43:14,845 - INFO - Calculating vegetation and built-up indices...
2025-05-08 11:43:14,848 - INFO - Calculating median values...
2025-05-08 11:43:14,848 - INFO - Calculating individual indices...
2025-05-08 11:43:14,848 - INFO - Using a direct Earth Engine approach...
2025-05-08 11:43:14,849 - INFO - Calculating index values...
2025-05-08 11:43:15,316 - INFO - Mean values: {'BSI': -0.32839980237236144, 'NDBI': -0.36135542048706953, 'NDVI': 0.7517372112652921}
2025-05-08 11:43:15,317 - INFO - Raw NDVI: 0.7517372112652921
2025-05-08 11:43:15,317 - INFO - Raw NDBI: -0.36135542048706953
2025-05-08 11:43:15,317 - INFO - Raw BSI: -0.32839980237236144
2025-05-08 11:43:15,317 - INFO - Raw index values: {'NDVI': 0.7517372112652921, 'NDBI': -0.36135542048706953, 'BSI': -0.32839980237236144, 'Obsolescence': -0.14716414470824102}
2025-05-08 11:43:15,317 - INFO - Calculated obsolescence score: -0.1472
2025-05-08 11:43:15,317 - INFO - Successfully calculated real obsolescence score: 0.00
2025-05-08 11:43:15,317 - INFO - Updating county scores in data/final/real_satellite_scores.geojson...
2025-05-08 11:43:15,355 - INFO - Loaded 3 counties from existing GeoJSON file
2025-05-08 11:43:15,429 - INFO - Created 4 records
2025-05-08 11:43:15,429 - INFO - Saved 4 counties to data/final/real_satellite_scores.geojson
2025-05-08 11:43:15,429 - INFO - Updated county Wahkiakum, 53 with obsolescence score: 0.00
2025-05-08 11:43:15,429 - INFO - Successfully processed real satellite data for county 53069
2025-05-08 11:43:15,429 - INFO - Obsolescence score: 0.00, Confidence: 0.95, Tile count: 10

2025-05-08 11:43:15,558 - INFO - Saved progress: 1 processed, 445 to go
2025-05-08 11:43:15,558 - INFO - Processing county 2/2: 35011
2025-05-08 11:43:15,558 - INFO - Processing county 35011...
2025-05-08 11:43:21,249 - INFO - 2025-05-08 11:43:16,049 - INFO - Processing county 35011 using real satellite data only
2025-05-08 11:43:16,050 - INFO - Date range: 2023-01-01 to 2023-12-31
2025-05-08 11:43:16,050 - INFO - Initializing Earth Engine...
2025-05-08 11:43:17,564 - INFO - Earth Engine initialized successfully!
2025-05-08 11:43:17,564 - INFO - Getting data for county FIPS: 35011
2025-05-08 11:43:17,751 - INFO - Found county: De Baca, 35
2025-05-08 11:43:17,772 - INFO - Processing county: De Baca, 35 (FIPS: 35011)
2025-05-08 11:43:17,773 - INFO - Calculating obsolescence score using real satellite data...
2025-05-08 11:43:17,774 - INFO - Simplifying county geometry...
2025-05-08 11:43:17,774 - INFO - Creating sample area...
2025-05-08 11:43:18,501 - INFO - Fetching Sentinel-2 imagery...
2025-05-08 11:43:19,151 - INFO - Found 10 Sentinel-2 images
2025-05-08 11:43:19,151 - INFO - Calculating vegetation and built-up indices...
2025-05-08 11:43:19,153 - INFO - Calculating median values...
2025-05-08 11:43:19,153 - INFO - Calculating individual indices...
2025-05-08 11:43:19,153 - INFO - Using a direct Earth Engine approach...
2025-05-08 11:43:19,154 - INFO - Calculating index values...
2025-05-08 11:43:20,035 - INFO - Mean values: {'BSI': None, 'NDBI': None, 'NDVI': None}
2025-05-08 11:43:20,035 - ERROR - Missing index values from Landsat 8
2025-05-08 11:43:20,035 - INFO - Trying with the entire county geometry...
2025-05-08 11:43:21,050 - INFO - Mean values (full county): {'BSI': 0.20541506008797417, 'NDBI': 0.1513526279725755, 'NDVI': 0.2522409451618451}
2025-05-08 11:43:21,051 - INFO - Raw NDVI: 0.2522409451618451
2025-05-08 11:43:21,051 - INFO - Raw NDBI: 0.1513526279725755
2025-05-08 11:43:21,051 - INFO - Raw BSI: 0.20541506008797417
2025-05-08 11:43:21,051 - INFO - Raw index values: {'NDVI': 0.2522409451618451, 'NDBI': 0.1513526279725755, 'BSI': 0.20541506008797417, 'Obsolescence': 0.36817558096623487}
2025-05-08 11:43:21,051 - INFO - Calculated obsolescence score: 0.3682
2025-05-08 11:43:21,051 - INFO - Successfully calculated real obsolescence score: 0.37
2025-05-08 11:43:21,051 - INFO - Updating county scores in data/final/real_satellite_scores.geojson...
2025-05-08 11:43:21,077 - INFO - Loaded 4 counties from existing GeoJSON file
2025-05-08 11:43:21,117 - INFO - Created 5 records
2025-05-08 11:43:21,118 - INFO - Saved 5 counties to data/final/real_satellite_scores.geojson
2025-05-08 11:43:21,118 - INFO - Updated county De Baca, 35 with obsolescence score: 0.37
2025-05-08 11:43:21,118 - INFO - Successfully processed real satellite data for county 35011
2025-05-08 11:43:21,118 - INFO - Obsolescence score: 0.37, Confidence: 0.95, Tile count: 10

2025-05-08 11:43:21,250 - INFO - Saved progress: 2 processed, 444 to go
2025-05-08 11:43:21,250 - INFO - Batch processing complete. Processed 2 counties.
2025-05-08 11:43:21,250 - INFO - Total counties processed: 2
2025-05-08 11:43:21,250 - INFO - Counties remaining: 444
