2025-05-08 16:11:14,274 - INFO - Waiting for current processing to reach 1000 counties...
2025-05-08 16:11:15,226 - INFO - Current progress: 664/1000 counties
2025-05-08 16:11:15,226 - INFO - Waiting 60 seconds before checking again...
2025-05-08 16:12:16,038 - INFO - Current progress: 669/1000 counties
2025-05-08 16:12:16,039 - INFO - Waiting 60 seconds before checking again...
2025-05-08 16:13:16,946 - INFO - Current progress: 670/1000 counties
2025-05-08 16:13:16,947 - INFO - Waiting 60 seconds before checking again...
2025-05-08 16:14:17,680 - INFO - Current progress: 676/1000 counties
2025-05-08 16:14:17,681 - INFO - Waiting 60 seconds before checking again...
2025-05-08 16:15:18,375 - INFO - Current progress: 679/1000 counties
2025-05-08 16:15:18,376 - INFO - Waiting 60 seconds before checking again...
2025-05-08 16:16:19,184 - INFO - Current progress: 682/1000 counties
2025-05-08 16:16:19,184 - INFO - Waiting 60 seconds before checking again...
2025-05-08 16:17:19,978 - ERROR - Error checking progress: Expecting ',' delimiter: line 590 column 117039 (char 46899196)
2025-05-08 16:17:19,979 - INFO - Waiting 60 seconds before checking again...
2025-05-08 16:18:20,715 - INFO - Current progress: 689/1000 counties
2025-05-08 16:18:20,716 - INFO - Waiting 60 seconds before checking again...
2025-05-08 16:19:21,618 - INFO - Current progress: 693/1000 counties
2025-05-08 16:19:21,618 - INFO - Waiting 60 seconds before checking again...
2025-05-08 16:20:22,407 - INFO - Current progress: 699/1000 counties
2025-05-08 16:20:22,408 - INFO - Waiting 60 seconds before checking again...
2025-05-08 16:21:23,384 - INFO - Current progress: 699/1000 counties
2025-05-08 16:21:23,385 - INFO - Waiting 60 seconds before checking again...
2025-05-08 16:22:23,867 - ERROR - Error checking progress: Expecting ',' delimiter: line 485 column 29098 (char 38875134)
2025-05-08 16:22:23,869 - INFO - Waiting 60 seconds before checking again...
2025-05-08 16:23:25,039 - INFO - Current progress: 709/1000 counties
2025-05-08 16:23:25,039 - INFO - Waiting 60 seconds before checking again...
2025-05-08 16:24:26,150 - INFO - Current progress: 710/1000 counties
2025-05-08 16:24:26,151 - INFO - Waiting 60 seconds before checking again...
2025-05-08 16:25:26,956 - INFO - Current progress: 715/1000 counties
2025-05-08 16:25:26,957 - INFO - Waiting 60 seconds before checking again...
2025-05-08 16:26:27,852 - INFO - Current progress: 719/1000 counties
2025-05-08 16:26:27,853 - INFO - Waiting 60 seconds before checking again...
2025-05-08 16:27:27,892 - ERROR - Error checking progress: Expecting ',' delimiter: line 32 column 196721 (char 2646015)
2025-05-08 16:27:27,893 - INFO - Waiting 60 seconds before checking again...
2025-05-08 16:28:28,715 - INFO - Current progress: 726/1000 counties
2025-05-08 16:28:28,716 - INFO - Waiting 60 seconds before checking again...
2025-05-08 16:29:29,714 - INFO - Current progress: 729/1000 counties
2025-05-08 16:29:29,716 - INFO - Waiting 60 seconds before checking again...
2025-05-08 16:30:30,682 - INFO - Current progress: 731/1000 counties
2025-05-08 16:30:30,682 - INFO - Waiting 60 seconds before checking again...
2025-05-08 16:31:31,699 - INFO - Current progress: 736/1000 counties
2025-05-08 16:31:31,701 - INFO - Waiting 60 seconds before checking again...
2025-05-08 16:32:32,855 - INFO - Current progress: 739/1000 counties
2025-05-08 16:32:32,856 - INFO - Waiting 60 seconds before checking again...
2025-05-08 16:33:33,424 - ERROR - Error checking progress: Expecting value: line 369 column 134682 (char 30527486)
2025-05-08 16:33:33,426 - INFO - Waiting 60 seconds before checking again...
2025-05-08 16:34:34,321 - INFO - Current progress: 747/1000 counties
2025-05-08 16:34:34,322 - INFO - Waiting 60 seconds before checking again...
2025-05-08 16:35:35,144 - INFO - Current progress: 749/1000 counties
2025-05-08 16:35:35,146 - INFO - Waiting 60 seconds before checking again...
2025-05-08 16:36:36,091 - INFO - Current progress: 752/1000 counties
2025-05-08 16:36:36,092 - INFO - Waiting 60 seconds before checking again...
2025-05-08 16:37:36,123 - ERROR - Error checking progress: Expecting value: line 39 column 38568 (char 3153920)
2025-05-08 16:37:36,123 - INFO - Waiting 60 seconds before checking again...
2025-05-08 16:38:37,038 - INFO - Current progress: 759/1000 counties
2025-05-08 16:38:37,039 - INFO - Waiting 60 seconds before checking again...
2025-05-08 16:39:37,194 - ERROR - Error checking progress: Expecting ',' delimiter: line 193 column 52140 (char 17014782)
2025-05-08 16:39:37,195 - INFO - Waiting 60 seconds before checking again...
2025-05-08 16:40:38,188 - INFO - Current progress: 768/1000 counties
2025-05-08 16:40:38,189 - INFO - Waiting 60 seconds before checking again...
2025-05-08 16:41:39,077 - INFO - Current progress: 769/1000 counties
2025-05-08 16:41:39,078 - INFO - Waiting 60 seconds before checking again...
2025-05-08 16:42:39,331 - ERROR - Error checking progress: Expecting ',' delimiter: line 158 column 134873 (char 14864384)
2025-05-08 16:42:39,333 - INFO - Waiting 60 seconds before checking again...
2025-05-08 16:43:40,259 - INFO - Current progress: 779/1000 counties
2025-05-08 16:43:40,260 - INFO - Waiting 60 seconds before checking again...
2025-05-08 16:44:41,079 - INFO - Current progress: 779/1000 counties
2025-05-08 16:44:41,079 - INFO - Waiting 60 seconds before checking again...
2025-05-08 16:45:41,438 - ERROR - Error checking progress: Expecting ',' delimiter: line 329 column 117129 (char 27963390)
2025-05-08 16:45:41,438 - INFO - Waiting 60 seconds before checking again...
2025-05-08 16:46:42,310 - INFO - Current progress: 789/1000 counties
2025-05-08 16:46:42,311 - INFO - Waiting 60 seconds before checking again...
2025-05-08 16:47:43,246 - INFO - Current progress: 790/1000 counties
2025-05-08 16:47:43,246 - INFO - Waiting 60 seconds before checking again...
2025-05-08 16:48:44,019 - INFO - Current progress: 796/1000 counties
2025-05-08 16:48:44,020 - INFO - Waiting 60 seconds before checking again...
2025-05-08 16:49:45,077 - INFO - Current progress: 799/1000 counties
2025-05-08 16:49:45,078 - INFO - Waiting 60 seconds before checking again...
2025-05-08 16:50:45,915 - INFO - Current progress: 801/1000 counties
2025-05-08 16:50:45,916 - INFO - Waiting 60 seconds before checking again...
2025-05-08 16:51:46,702 - INFO - Current progress: 807/1000 counties
2025-05-08 16:51:46,702 - INFO - Waiting 60 seconds before checking again...
2025-05-08 16:52:47,620 - INFO - Current progress: 809/1000 counties
2025-05-08 16:52:47,621 - INFO - Waiting 60 seconds before checking again...
2025-05-08 16:53:47,710 - ERROR - Error checking progress: Expecting ',' delimiter: line 103 column 21542 (char 10268672)
2025-05-08 16:53:47,711 - INFO - Waiting 60 seconds before checking again...
2025-05-08 16:54:48,634 - INFO - Current progress: 818/1000 counties
2025-05-08 16:54:48,634 - INFO - Waiting 60 seconds before checking again...
2025-05-08 16:55:49,526 - INFO - Current progress: 819/1000 counties
2025-05-08 16:55:49,526 - INFO - Waiting 60 seconds before checking again...
2025-05-08 16:56:50,532 - INFO - Current progress: 823/1000 counties
2025-05-08 16:56:50,533 - INFO - Waiting 60 seconds before checking again...
2025-05-08 16:57:51,472 - INFO - Current progress: 828/1000 counties
2025-05-08 16:57:51,472 - INFO - Waiting 60 seconds before checking again...
2025-05-08 16:58:52,446 - INFO - Current progress: 829/1000 counties
2025-05-08 16:58:52,447 - INFO - Waiting 60 seconds before checking again...
2025-05-08 16:59:53,280 - ERROR - Error checking progress: Expecting ',' delimiter: line 703 column 62893 (char 54067196)
2025-05-08 16:59:53,281 - INFO - Waiting 60 seconds before checking again...
2025-05-08 17:00:54,133 - INFO - Current progress: 839/1000 counties
2025-05-08 17:00:54,134 - INFO - Waiting 60 seconds before checking again...
2025-05-08 17:01:55,115 - INFO - Current progress: 839/1000 counties
2025-05-08 17:01:55,116 - INFO - Waiting 60 seconds before checking again...
2025-05-08 17:02:55,642 - ERROR - Error checking progress: Expecting ',' delimiter: line 376 column 106395 (char 30957566)
2025-05-08 17:02:55,643 - INFO - Waiting 60 seconds before checking again...
2025-05-08 17:03:56,429 - INFO - Current progress: 849/1000 counties
2025-05-08 17:03:56,430 - INFO - Waiting 60 seconds before checking again...
2025-05-08 17:04:57,343 - INFO - Current progress: 850/1000 counties
2025-05-08 17:04:57,343 - INFO - Waiting 60 seconds before checking again...
2025-05-08 17:05:58,527 - INFO - Current progress: 855/1000 counties
2025-05-08 17:05:58,528 - INFO - Waiting 60 seconds before checking again...
2025-05-08 17:06:59,418 - INFO - Current progress: 859/1000 counties
2025-05-08 17:06:59,419 - INFO - Waiting 60 seconds before checking again...
2025-05-08 17:08:00,231 - INFO - Current progress: 861/1000 counties
2025-05-08 17:08:00,231 - INFO - Waiting 60 seconds before checking again...
2025-05-08 17:09:00,509 - ERROR - Error checking progress: Expecting ',' delimiter: line 158 column 134873 (char 14864384)
2025-05-08 17:09:00,510 - INFO - Waiting 60 seconds before checking again...
2025-05-08 17:10:01,449 - INFO - Current progress: 869/1000 counties
2025-05-08 17:10:01,450 - INFO - Waiting 60 seconds before checking again...
2025-05-08 17:11:02,471 - INFO - Current progress: 871/1000 counties
2025-05-08 17:11:02,472 - INFO - Waiting 60 seconds before checking again...
2025-05-08 17:12:03,535 - INFO - Current progress: 877/1000 counties
2025-05-08 17:12:03,536 - INFO - Waiting 60 seconds before checking again...
2025-05-08 17:13:04,553 - INFO - Current progress: 879/1000 counties
2025-05-08 17:13:04,555 - INFO - Waiting 60 seconds before checking again...
2025-05-08 17:14:05,436 - INFO - Current progress: 882/1000 counties
2025-05-08 17:14:05,438 - INFO - Waiting 60 seconds before checking again...
2025-05-08 17:15:06,420 - ERROR - Error checking progress: Expecting value: line 749 column 49267 (char 57335804)
2025-05-08 17:15:06,421 - INFO - Waiting 60 seconds before checking again...
2025-05-08 17:16:07,346 - INFO - Current progress: 889/1000 counties
2025-05-08 17:16:07,347 - INFO - Waiting 60 seconds before checking again...
2025-05-08 17:17:08,187 - INFO - Current progress: 893/1000 counties
2025-05-08 17:17:08,187 - INFO - Waiting 60 seconds before checking again...
2025-05-08 17:18:09,402 - INFO - Current progress: 898/1000 counties
2025-05-08 17:18:09,403 - INFO - Waiting 60 seconds before checking again...
2025-05-08 17:19:10,323 - INFO - Current progress: 899/1000 counties
2025-05-08 17:19:10,324 - INFO - Waiting 60 seconds before checking again...
2025-05-08 17:20:11,234 - INFO - Current progress: 903/1000 counties
2025-05-08 17:20:11,235 - INFO - Waiting 60 seconds before checking again...
2025-05-08 17:21:12,280 - INFO - Current progress: 908/1000 counties
2025-05-08 17:21:12,280 - INFO - Waiting 60 seconds before checking again...
2025-05-08 17:22:13,300 - INFO - Current progress: 909/1000 counties
2025-05-08 17:22:13,302 - INFO - Waiting 60 seconds before checking again...
2025-05-08 17:23:14,025 - ERROR - Error checking progress: Expecting ',' delimiter: line 583 column 35795 (char 46358524)
2025-05-08 17:23:14,027 - INFO - Waiting 60 seconds before checking again...
2025-05-08 17:24:14,923 - INFO - Current progress: 918/1000 counties
2025-05-08 17:24:14,924 - INFO - Waiting 60 seconds before checking again...
2025-05-08 17:25:15,913 - INFO - Current progress: 919/1000 counties
2025-05-08 17:25:15,914 - INFO - Waiting 60 seconds before checking again...
2025-05-08 17:26:16,984 - INFO - Current progress: 923/1000 counties
2025-05-08 17:26:16,985 - INFO - Waiting 60 seconds before checking again...
2025-05-08 17:27:17,424 - ERROR - Error checking progress: Expecting ',' delimiter: line 445 column 72984 (char 36024318)
2025-05-08 17:27:17,425 - INFO - Waiting 60 seconds before checking again...
2025-05-08 17:28:18,620 - INFO - Current progress: 929/1000 counties
2025-05-08 17:28:18,621 - INFO - Waiting 60 seconds before checking again...
2025-05-08 17:29:19,215 - ERROR - Error checking progress: Expecting ',' delimiter: line 646 column 154450 (char 50429947)
2025-05-08 17:29:19,217 - INFO - Waiting 60 seconds before checking again...
2025-05-08 17:30:20,236 - INFO - Current progress: 939/1000 counties
2025-05-08 17:30:20,237 - INFO - Waiting 60 seconds before checking again...
2025-05-08 17:31:21,303 - INFO - Current progress: 939/1000 counties
2025-05-08 17:31:21,304 - INFO - Waiting 60 seconds before checking again...
2025-05-08 17:32:22,416 - INFO - Current progress: 944/1000 counties
2025-05-08 17:32:22,416 - INFO - Waiting 60 seconds before checking again...
2025-05-08 17:33:23,337 - INFO - Current progress: 949/1000 counties
2025-05-08 17:33:23,338 - INFO - Waiting 60 seconds before checking again...
2025-05-08 17:34:24,265 - INFO - Current progress: 949/1000 counties
2025-05-08 17:34:24,266 - INFO - Waiting 60 seconds before checking again...
2025-05-08 17:35:25,331 - INFO - Current progress: 954/1000 counties
2025-05-08 17:35:25,332 - INFO - Waiting 60 seconds before checking again...
2025-05-08 17:36:26,416 - INFO - Current progress: 959/1000 counties
2025-05-08 17:36:26,417 - INFO - Waiting 60 seconds before checking again...
2025-05-08 17:37:27,536 - INFO - Current progress: 959/1000 counties
2025-05-08 17:37:27,536 - INFO - Waiting 60 seconds before checking again...
2025-05-08 17:38:28,502 - INFO - Current progress: 964/1000 counties
2025-05-08 17:38:28,503 - INFO - Waiting 60 seconds before checking again...
2025-05-08 17:39:29,629 - INFO - Current progress: 969/1000 counties
2025-05-08 17:39:29,630 - INFO - Waiting 60 seconds before checking again...
2025-05-08 17:40:30,614 - INFO - Current progress: 969/1000 counties
2025-05-08 17:40:30,615 - INFO - Waiting 60 seconds before checking again...
2025-05-08 17:41:31,572 - INFO - Current progress: 974/1000 counties
2025-05-08 17:41:31,575 - INFO - Waiting 60 seconds before checking again...
2025-05-08 17:42:32,679 - INFO - Current progress: 979/1000 counties
2025-05-08 17:42:32,679 - INFO - Waiting 60 seconds before checking again...
2025-05-08 17:43:32,727 - ERROR - Error checking progress: Expecting ',' delimiter: line 57 column 130247 (char 4829184)
2025-05-08 17:43:32,728 - INFO - Waiting 60 seconds before checking again...
2025-05-08 17:44:33,443 - ERROR - Error checking progress: Expecting value: line 584 column 226913 (char 46587900)
2025-05-08 17:44:33,445 - INFO - Waiting 60 seconds before checking again...
2025-05-08 17:45:34,519 - INFO - Current progress: 989/1000 counties
2025-05-08 17:45:34,520 - INFO - Waiting 60 seconds before checking again...
2025-05-08 17:46:35,594 - ERROR - Error checking progress: Expecting value: line 859 column 47482 (char 64352252)
2025-05-08 17:46:35,596 - INFO - Waiting 60 seconds before checking again...
2025-05-08 17:47:36,581 - INFO - Current progress: 995/1000 counties
2025-05-08 17:47:36,583 - INFO - Waiting 60 seconds before checking again...
2025-05-08 17:48:37,753 - INFO - Current progress: 999/1000 counties
2025-05-08 17:48:37,754 - INFO - Waiting 60 seconds before checking again...
2025-05-08 17:49:38,297 - ERROR - Error checking progress: Expecting ',' delimiter: line 520 column 64292 (char 41598972)
2025-05-08 17:49:38,298 - INFO - Waiting 60 seconds before checking again...
2025-05-08 17:50:39,223 - INFO - Current progress: 1000/1000 counties
2025-05-08 17:50:39,223 - INFO - Initial target of 1000 counties reached!
2025-05-08 17:50:39,283 - INFO - Starting new processing with target of 2000 counties
2025-05-08 17:50:39,283 - INFO - Running command: python tools/continuous_real_processing.py --target-count 2000 --batch-size 10 --delay 60 --output data/final/real_county_scores.geojson
2025-05-09 00:46:28,113 - INFO - Processing completed successfully
